Using pre-set license
Built from '2020.3/release' branch; Version is '2020.3.1f1 (77a89f25062f) revision 7841951'; Using compiler version '192528614'; Build Type 'Release'
OS: 'Windows 10 Pro for Workstations; OS build 19044.1586; Version 2009; 64bit' Language: 'en' Physical Memory: 8099 MB
BatchMode: 1, IsHumanControllingUs: 0, StartBugReporterOnCrash: 0, Is64bit: 1, IsPro: 0

 COMMAND LINE ARGUMENTS:
C:\Program Files\Unity\Hub\Editor\2020.3.1f1\Editor\Unity.exe
-adb2
-batchMode
-noUpm
-name
AssetImportWorker0
-projectPath
C:/Users/202100642/Documents/GitHub/SequeiraPereRaul/MADJ1
-logFile
Logs/AssetImportWorker0.log
-srvPort
58223
Successfully changed project path to: C:/Users/202100642/Documents/GitHub/SequeiraPereRaul/MADJ1
C:/Users/202100642/Documents/GitHub/SequeiraPereRaul/MADJ1
Using Asset Import Pipeline V2.
Refreshing native plugins compatible for Editor in 23.11 ms, found 0 plugins.
Preloading 0 native plugins for Editor in 0.00 ms.
Initialize engine version: 2020.3.1f1 (77a89f25062f)
[Subsystems] Discovering subsystems at path C:/Program Files/Unity/Hub/Editor/2020.3.1f1/Editor/Data/Resources/UnitySubsystems
[Subsystems] Discovering subsystems at path C:/Users/202100642/Documents/GitHub/SequeiraPereRaul/MADJ1/Assets
GfxDevice: creating device client; threaded=0
Direct3D:
    Version:  Direct3D 11.0 [level 11.1]
    Renderer: Intel(R) HD Graphics 630 (ID=0x5912)
    Vendor:   
    VRAM:     4049 MB
    Driver:   26.20.100.7986
Initialize mono
Mono path[0] = 'C:/Program Files/Unity/Hub/Editor/2020.3.1f1/Editor/Data/Managed'
Mono path[1] = 'C:/Program Files/Unity/Hub/Editor/2020.3.1f1/Editor/Data/MonoBleedingEdge/lib/mono/unityjit'
Mono config path = 'C:/Program Files/Unity/Hub/Editor/2020.3.1f1/Editor/Data/MonoBleedingEdge/etc'
Using monoOptions --debugger-agent=transport=dt_socket,embedding=1,server=y,suspend=n,address=127.0.0.1:56224
Begin MonoManager ReloadAssembly
Registering precompiled unity dll's ...
Register platform support module: C:/Program Files/Unity/Hub/Editor/2020.3.1f1/Editor/Data/PlaybackEngines/WebGLSupport/UnityEditor.WebGL.Extensions.dll
Register platform support module: C:/Program Files/Unity/Hub/Editor/2020.3.1f1/Editor/Data/PlaybackEngines/WindowsStandaloneSupport/UnityEditor.WindowsStandalone.Extensions.dll
Registered in 0.230269 seconds.
Native extension for WindowsStandalone target not found
Native extension for WebGL target not found
Refreshing native plugins compatible for Editor in 24.89 ms, found 0 plugins.
Preloading 0 native plugins for Editor in 0.00 ms.
Invoked RoslynAnalysisRunner static constructor.
RoslynAnalysisRunner will not be running.
RoslynAnalysisRunner has terminated.
Mono: successfully reloaded assembly
- Completed reload, in  5.601 seconds
Platform modules already initialized, skipping
Registering precompiled user dll's ...
Registered in 0.046456 seconds.
Begin MonoManager ReloadAssembly
Native extension for WindowsStandalone target not found
Native extension for WebGL target not found
Refreshing native plugins compatible for Editor in 0.20 ms, found 0 plugins.
Preloading 0 native plugins for Editor in 0.00 ms.
Invoked RoslynAnalysisRunner static constructor.
RoslynAnalysisRunner will not be running.
RoslynAnalysisRunner has terminated.
Mono: successfully reloaded assembly
- Completed reload, in  2.072 seconds
Platform modules already initialized, skipping
========================================================================
Worker process is ready to serve import requests
Launched and connected shader compiler UnityShaderCompiler.exe after 0.08 seconds
Refreshing native plugins compatible for Editor in 0.22 ms, found 0 plugins.
Preloading 0 native plugins for Editor in 0.00 ms.
Unloading 1119 Unused Serialized files (Serialized files now loaded: 0)
System memory in use before: 57.1 MB.
System memory in use after: 57.2 MB.

Unloading 10 unused Assets to reduce memory usage. Loaded Objects now: 1561.
Total: 1.924700 ms (FindLiveObjects: 0.180300 ms CreateObjectMapping: 0.107900 ms MarkObjects: 1.555300 ms  DeleteObjects: 0.079800 ms)

========================================================================
Received Import Request.
  path: Assets/Prefabs/Supplier.prefab
  artifactKey: Guid(4c219001fe46d8d41bb028a98e98b2c6) Importer(815301076,1909f56bfc062723c751e8b465ee728b)
Start importing Assets/Prefabs/Supplier.prefab using Guid(4c219001fe46d8d41bb028a98e98b2c6) Importer(815301076,1909f56bfc062723c751e8b465ee728b)  -> (artifact id: '18360acc77007925e462b7b5fe78203d') in 0.108444 seconds
  Import took 0.111068 seconds .

========================================================================
Received Import Request.
  Time since last request: 41.162141 seconds.
  path: Assets/Prefabs
  artifactKey: Guid(5062a49f84fba7b4a90f700be3c00398) Importer(815301076,1909f56bfc062723c751e8b465ee728b)
Start importing Assets/Prefabs using Guid(5062a49f84fba7b4a90f700be3c00398) Importer(815301076,1909f56bfc062723c751e8b465ee728b)  -> (artifact id: '4126ed8d62e6bce806f03fae2f9ceed6') in 0.013367 seconds
  Import took 0.017545 seconds .

========================================================================
Received Import Request.
  Time since last request: 4.191064 seconds.
  path: Assets/Prefabs/Shop.prefab
  artifactKey: Guid(cc32dc7189e070b40899d7899c638b07) Importer(815301076,1909f56bfc062723c751e8b465ee728b)
Start importing Assets/Prefabs/Shop.prefab using Guid(cc32dc7189e070b40899d7899c638b07) Importer(815301076,1909f56bfc062723c751e8b465ee728b)  -> (artifact id: '012a538d6dbeebcfb5bc4ab9c19e84f0') in 0.022960 seconds
  Import took 0.025615 seconds .

========================================================================
Received Import Request.
  Time since last request: 0.015582 seconds.
  path: Assets/Prefabs/Shop.prefab
  artifactKey: Guid(cc32dc7189e070b40899d7899c638b07) Importer(815301076,1909f56bfc062723c751e8b465ee728b)
Start importing Assets/Prefabs/Shop.prefab using Guid(cc32dc7189e070b40899d7899c638b07) Importer(815301076,1909f56bfc062723c751e8b465ee728b)  -> (artifact id: '012a538d6dbeebcfb5bc4ab9c19e84f0') in 0.031818 seconds
  Import took 0.036291 seconds .

========================================================================
Received Import Request.
  Time since last request: 42.680237 seconds.
  path: Assets/Scripts/Place.cs
  artifactKey: Guid(72bc5114d364e8540804d42dca7ea189) Importer(815301076,1909f56bfc062723c751e8b465ee728b)
Start importing Assets/Scripts/Place.cs using Guid(72bc5114d364e8540804d42dca7ea189) Importer(815301076,1909f56bfc062723c751e8b465ee728b)  -> (artifact id: '3db038839300dae64c523925b5624905') in 0.029818 seconds
  Import took 0.032299 seconds .

========================================================================
Received Import Request.
  Time since last request: 128.095441 seconds.
  path: Assets/Scripts/PlacesManager.cs
  artifactKey: Guid(625e14b203debb146bb4d3a40b4e4922) Importer(815301076,1909f56bfc062723c751e8b465ee728b)
Start importing Assets/Scripts/PlacesManager.cs using Guid(625e14b203debb146bb4d3a40b4e4922) Importer(815301076,1909f56bfc062723c751e8b465ee728b)  -> (artifact id: '3ec659b7ec12b2dacb4f6f02a5877ed3') in 0.053575 seconds
  Import took 0.059338 seconds .

========================================================================
Received Prepare
Registering precompiled user dll's ...
Registered in 0.001540 seconds.
Begin MonoManager ReloadAssembly
Native extension for WindowsStandalone target not found
Native extension for WebGL target not found
Refreshing native plugins compatible for Editor in 0.23 ms, found 0 plugins.
Preloading 0 native plugins for Editor in 0.00 ms.
Invoked RoslynAnalysisRunner static constructor.
RoslynAnalysisRunner will not be running.
RoslynAnalysisRunner has terminated.
Mono: successfully reloaded assembly
- Completed reload, in  0.948 seconds
Platform modules already initialized, skipping
Refreshing native plugins compatible for Editor in 0.19 ms, found 0 plugins.
Preloading 0 native plugins for Editor in 0.00 ms.
Unloading 1115 Unused Serialized files (Serialized files now loaded: 0)
System memory in use before: 60.2 MB.
System memory in use after: 60.3 MB.

Unloading 5 unused Assets to reduce memory usage. Loaded Objects now: 1573.
Total: 2.462700 ms (FindLiveObjects: 0.612900 ms CreateObjectMapping: 0.211500 ms MarkObjects: 1.560100 ms  DeleteObjects: 0.076700 ms)

========================================================================
Received Prepare
Registering precompiled user dll's ...
Registered in 0.000737 seconds.
Begin MonoManager ReloadAssembly
Native extension for WindowsStandalone target not found
Native extension for WebGL target not found
Refreshing native plugins compatible for Editor in 0.19 ms, found 0 plugins.
Preloading 0 native plugins for Editor in 0.00 ms.
Invoked RoslynAnalysisRunner static constructor.
RoslynAnalysisRunner will not be running.
RoslynAnalysisRunner has terminated.
Mono: successfully reloaded assembly
- Completed reload, in  0.756 seconds
Platform modules already initialized, skipping
Refreshing native plugins compatible for Editor in 0.19 ms, found 0 plugins.
Preloading 0 native plugins for Editor in 0.00 ms.
Unloading 1115 Unused Serialized files (Serialized files now loaded: 0)
System memory in use before: 60.3 MB.
System memory in use after: 60.4 MB.

Unloading 5 unused Assets to reduce memory usage. Loaded Objects now: 1576.
Total: 1.945300 ms (FindLiveObjects: 0.113100 ms CreateObjectMapping: 0.028300 ms MarkObjects: 1.740500 ms  DeleteObjects: 0.062000 ms)

========================================================================
Received Import Request.
  Time since last request: 2467.223061 seconds.
  path: Assets/Scripts/PlacesManager.cs
  artifactKey: Guid(625e14b203debb146bb4d3a40b4e4922) Importer(815301076,1909f56bfc062723c751e8b465ee728b)
Start importing Assets/Scripts/PlacesManager.cs using Guid(625e14b203debb146bb4d3a40b4e4922) Importer(815301076,1909f56bfc062723c751e8b465ee728b)  -> (artifact id: '7303dfe178339f08215d4854a72910c8') in 0.005940 seconds
  Import took 0.008292 seconds .

========================================================================
Received Prepare
Registering precompiled user dll's ...
Registered in 0.003190 seconds.
Begin MonoManager ReloadAssembly
Native extension for WindowsStandalone target not found
Native extension for WebGL target not found
Refreshing native plugins compatible for Editor in 0.23 ms, found 0 plugins.
Preloading 0 native plugins for Editor in 0.00 ms.
Invoked RoslynAnalysisRunner static constructor.
RoslynAnalysisRunner will not be running.
RoslynAnalysisRunner has terminated.
Mono: successfully reloaded assembly
- Completed reload, in  0.958 seconds
Platform modules already initialized, skipping
Refreshing native plugins compatible for Editor in 0.19 ms, found 0 plugins.
Preloading 0 native plugins for Editor in 0.00 ms.
Unloading 1115 Unused Serialized files (Serialized files now loaded: 0)
System memory in use before: 60.3 MB.
System memory in use after: 60.4 MB.

Unloading 5 unused Assets to reduce memory usage. Loaded Objects now: 1579.
Total: 2.106800 ms (FindLiveObjects: 0.113900 ms CreateObjectMapping: 0.028100 ms MarkObjects: 1.854900 ms  DeleteObjects: 0.108800 ms)

========================================================================
Received Import Request.
  Time since last request: 376.101616 seconds.
  path: Assets/Scripts/PlacesManager.cs
  artifactKey: Guid(625e14b203debb146bb4d3a40b4e4922) Importer(815301076,1909f56bfc062723c751e8b465ee728b)
Start importing Assets/Scripts/PlacesManager.cs using Guid(625e14b203debb146bb4d3a40b4e4922) Importer(815301076,1909f56bfc062723c751e8b465ee728b)  -> (artifact id: 'c5617cd81105a2ad6c71fde7b8ba983b') in 0.008365 seconds
  Import took 0.011343 seconds .

========================================================================
Received Prepare
Registering precompiled user dll's ...
Registered in 0.000743 seconds.
Begin MonoManager ReloadAssembly
Native extension for WindowsStandalone target not found
Native extension for WebGL target not found
Refreshing native plugins compatible for Editor in 0.26 ms, found 0 plugins.
Preloading 0 native plugins for Editor in 0.00 ms.
Invoked RoslynAnalysisRunner static constructor.
RoslynAnalysisRunner will not be running.
RoslynAnalysisRunner has terminated.
Mono: successfully reloaded assembly
- Completed reload, in  0.723 seconds
Platform modules already initialized, skipping
Refreshing native plugins compatible for Editor in 0.19 ms, found 0 plugins.
Preloading 0 native plugins for Editor in 0.00 ms.
Unloading 1115 Unused Serialized files (Serialized files now loaded: 0)
System memory in use before: 60.3 MB.
System memory in use after: 60.4 MB.

Unloading 5 unused Assets to reduce memory usage. Loaded Objects now: 1582.
Total: 1.740200 ms (FindLiveObjects: 0.164100 ms CreateObjectMapping: 0.030000 ms MarkObjects: 1.443400 ms  DeleteObjects: 0.101800 ms)

========================================================================
Received Prepare
Registering precompiled user dll's ...
Registered in 0.000693 seconds.
Begin MonoManager ReloadAssembly
Native extension for WindowsStandalone target not found
Native extension for WebGL target not found
Refreshing native plugins compatible for Editor in 0.20 ms, found 0 plugins.
Preloading 0 native plugins for Editor in 0.00 ms.
Invoked RoslynAnalysisRunner static constructor.
RoslynAnalysisRunner will not be running.
RoslynAnalysisRunner has terminated.
Mono: successfully reloaded assembly
- Completed reload, in  0.784 seconds
Platform modules already initialized, skipping
Refreshing native plugins compatible for Editor in 0.21 ms, found 0 plugins.
Preloading 0 native plugins for Editor in 0.00 ms.
Unloading 1115 Unused Serialized files (Serialized files now loaded: 0)
System memory in use before: 60.3 MB.
System memory in use after: 60.4 MB.

Unloading 5 unused Assets to reduce memory usage. Loaded Objects now: 1585.
Total: 2.452200 ms (FindLiveObjects: 0.193000 ms CreateObjectMapping: 0.183100 ms MarkObjects: 2.024900 ms  DeleteObjects: 0.049500 ms)

========================================================================
Received Prepare
Registering precompiled user dll's ...
Registered in 0.002863 seconds.
Begin MonoManager ReloadAssembly
Native extension for WindowsStandalone target not found
Native extension for WebGL target not found
Refreshing native plugins compatible for Editor in 2.25 ms, found 0 plugins.
Preloading 0 native plugins for Editor in 0.00 ms.
Invoked RoslynAnalysisRunner static constructor.
RoslynAnalysisRunner will not be running.
RoslynAnalysisRunner has terminated.
Mono: successfully reloaded assembly
- Completed reload, in  2.597 seconds
Platform modules already initialized, skipping
Refreshing native plugins compatible for Editor in 0.34 ms, found 0 plugins.
Preloading 0 native plugins for Editor in 0.00 ms.
Unloading 1115 Unused Serialized files (Serialized files now loaded: 0)
System memory in use before: 60.3 MB.
System memory in use after: 60.4 MB.

Unloading 5 unused Assets to reduce memory usage. Loaded Objects now: 1588.
Total: 7.169500 ms (FindLiveObjects: 0.731500 ms CreateObjectMapping: 0.877700 ms MarkObjects: 5.476400 ms  DeleteObjects: 0.079600 ms)

AssetImportWorkerClient::OnTransportError - code=2 error=End of file
